/*C38*/SET SCHEMA PUBLIC
INSERT INTO PRODUTO VALUES(19,'Cadeira','Cadeira cor Preta',NULL)
COMMIT
SET SCHEMA PUBLIC
DISCONNECT
/*C39*/SET SCHEMA PUBLIC
INSERT INTO PRODUTO VALUES(20,'Smartphone','Motorola G5',NULL)
COMMIT
SET SCHEMA PUBLIC
DISCONNECT
/*C40*/SET SCHEMA PUBLIC
INSERT INTO PRODUTO VALUES(21,'Xioami Cell','Xioami mi5',NULL)
COMMIT
SET SCHEMA PUBLIC
DISCONNECT
/*C41*/SET SCHEMA PUBLIC
INSERT INTO PRODUTO VALUES(22,'Armario','Armario de Roupa',2)
COMMIT
/*C42*/SET SCHEMA PUBLIC
INSERT INTO PRODUTO VALUES(23,'Armario','Armario de Roupa',2)
COMMIT
/*C43*/SET SCHEMA PUBLIC
INSERT INTO PRODUTO VALUES(24,'Armario','Armario de Roupa',2)
COMMIT
/*C44*/SET SCHEMA PUBLIC
INSERT INTO PRODUTO VALUES(25,'Armario','Armario de Roupa',2)
COMMIT
/*C45*/SET SCHEMA PUBLIC
INSERT INTO PRODUTO VALUES(26,'Armario','Armario de Roupa',2)
COMMIT
/*C46*/SET SCHEMA PUBLIC
INSERT INTO PRODUTO VALUES(27,'Armario','Armario de Roupa',2)
COMMIT
/*C42*/SET SCHEMA PUBLIC
DISCONNECT
/*C41*/SET SCHEMA PUBLIC
DISCONNECT
/*C46*/SET SCHEMA PUBLIC
DISCONNECT
/*C43*/SET SCHEMA PUBLIC
DISCONNECT
/*C45*/SET SCHEMA PUBLIC
DISCONNECT
/*C44*/SET SCHEMA PUBLIC
DISCONNECT
/*C37*/SET SCHEMA PUBLIC
DELETE FROM PRODUTO WHERE ID=21
DELETE FROM PRODUTO WHERE ID=22
DELETE FROM PRODUTO WHERE ID=23
DELETE FROM PRODUTO WHERE ID=24
DELETE FROM PRODUTO WHERE ID=25
DELETE FROM PRODUTO WHERE ID=26
DELETE FROM PRODUTO WHERE ID=27
COMMIT
/*C47*/SET SCHEMA PUBLIC
INSERT INTO PRODUTO VALUES(28,'Placa M\u00e3e','Placa Azus 1000',1)
COMMIT
SET SCHEMA PUBLIC
DISCONNECT
