/*C1*/SET SCHEMA SYSTEM_LOBS
INSERT INTO BLOCKS VALUES(0,2147483647,0)
COMMIT
/*C2*/SET SCHEMA PUBLIC
CREATE TABLE Produto (id INTEGER GENERATED BY DEFAULT AS IDENTITY PRIMARY KEY, nome VARCHAR(255), descricao VARCHAR(255))
INSERT INTO PRODUTO VALUES(1,'Geladeira','Geladeira duas portas')
COMMIT
INSERT INTO PRODUTO VALUES(2,'Ferro de passar','Ferro de passar roupa com vaporizador')
COMMIT
/*C3*/SET SCHEMA PUBLIC
DISCONNECT
/*C4*/SET SCHEMA PUBLIC
DISCONNECT
/*C5*/SET SCHEMA PUBLIC
DISCONNECT
/*C6*/SET SCHEMA PUBLIC
INSERT INTO PRODUTO VALUES(3,'Notebook','Notebook i5')
COMMIT
DISCONNECT
/*C7*/SET SCHEMA PUBLIC
INSERT INTO PRODUTO VALUES(4,'Notebook','Notebook i5')
COMMIT
DISCONNECT
/*C8*/SET SCHEMA PUBLIC
INSERT INTO PRODUTO VALUES(5,'Notebook','Notebook i5')
COMMIT
DISCONNECT
/*C9*/SET SCHEMA PUBLIC
DELETE FROM PRODUTO WHERE ID=4
DELETE FROM PRODUTO WHERE ID=5
COMMIT
DISCONNECT
/*C10*/SET SCHEMA PUBLIC
INSERT INTO PRODUTO VALUES(6,'Notebook','Notebook i5')
COMMIT
DISCONNECT
/*C11*/SET SCHEMA PUBLIC
INSERT INTO PRODUTO VALUES(7,'Notebook','Notebook i5')
COMMIT
DISCONNECT
/*C12*/SET SCHEMA PUBLIC
INSERT INTO PRODUTO VALUES(8,'Notebook','Notebook i5')
COMMIT
DISCONNECT
/*C13*/SET SCHEMA PUBLIC
INSERT INTO PRODUTO VALUES(9,'Notebook','Notebook i5')
COMMIT
DISCONNECT
/*C14*/SET SCHEMA PUBLIC
INSERT INTO PRODUTO VALUES(10,'Notebook','Notebook i5')
COMMIT
DISCONNECT
/*C15*/SET SCHEMA PUBLIC
INSERT INTO PRODUTO VALUES(11,'Notebook','Notebook i5')
COMMIT
DISCONNECT
/*C16*/SET SCHEMA PUBLIC
INSERT INTO PRODUTO VALUES(12,'Notebook','Notebook i5')
COMMIT
DISCONNECT
/*C17*/SET SCHEMA PUBLIC
INSERT INTO PRODUTO VALUES(13,'Notebook','Notebook i5')
COMMIT
DISCONNECT
/*C18*/SET SCHEMA PUBLIC
INSERT INTO PRODUTO VALUES(14,'Notebook','Notebook i5')
COMMIT
DISCONNECT
/*C19*/SET SCHEMA PUBLIC
INSERT INTO PRODUTO VALUES(15,'Notebook','Notebook i5')
COMMIT
DISCONNECT
/*C20*/SET SCHEMA PUBLIC
DELETE FROM PRODUTO WHERE ID=6
DELETE FROM PRODUTO WHERE ID=7
DELETE FROM PRODUTO WHERE ID=8
DELETE FROM PRODUTO WHERE ID=9
DELETE FROM PRODUTO WHERE ID=10
DELETE FROM PRODUTO WHERE ID=11
DELETE FROM PRODUTO WHERE ID=12
DELETE FROM PRODUTO WHERE ID=13
DELETE FROM PRODUTO WHERE ID=14
DELETE FROM PRODUTO WHERE ID=15
COMMIT
DISCONNECT
/*C2*/DISCONNECT
